[2026-02-13 21:06:32.471][INFO] ========================================
[2026-02-13 21:06:32.471][INFO] LaunchAppContainer starting
[2026-02-13 21:06:32.471][INFO]   exe: F:\Project\git\appcontainer\opencode.exe
[2026-02-13 21:06:32.472][INFO]   moniker: OpenCodeContainer
[2026-02-13 21:06:32.472][INFO]   wait=1, conpty=1, lpac=0, noWin32k=0
[2026-02-13 21:06:32.472][INFO] ========================================
[2026-02-13 21:06:32.472][INFO] [EnvDefault] Setting up default OpenCode env paths under: F:\Project\git\appcontainer\AppContainer\x64\Release
[2026-02-13 21:06:32.472][INFO] [EnvDefault] Setting default: HOME = F:\Project\git\appcontainer\AppContainer\x64\Release\opencode\work
[2026-02-13 21:06:32.476][INFO] [EnvDefault] Setting default: USERPROFILE = F:\Project\git\appcontainer\AppContainer\x64\Release\opencode\work
[2026-02-13 21:06:32.476][INFO] [EnvDefault] Setting default: APPDATA = F:\Project\git\appcontainer\AppContainer\x64\Release\opencode\config
[2026-02-13 21:06:32.476][INFO] [EnvDefault] Setting default: LOCALAPPDATA = F:\Project\git\appcontainer\AppContainer\x64\Release
[2026-02-13 21:06:32.476][INFO] [EnvDefault] Setting default: TEMP = F:\Project\git\appcontainer\AppContainer\x64\Release\opencode\temp
[2026-02-13 21:06:32.476][INFO] [EnvDefault] Setting default: TMP = F:\Project\git\appcontainer\AppContainer\x64\Release\opencode\temp
[2026-02-13 21:06:32.476][INFO] [EnvDefault] Setting default: XDG_CONFIG_HOME = F:\Project\git\appcontainer\AppContainer\x64\Release\opencode\config
[2026-02-13 21:06:32.476][INFO] [EnvDefault] Setting default: XDG_CACHE_HOME = F:\Project\git\appcontainer\AppContainer\x64\Release\opencode\cache
[2026-02-13 21:06:32.476][INFO] [EnvDefault] Setting default: XDG_DATA_HOME = F:\Project\git\appcontainer\AppContainer\x64\Release\opencode\data
[2026-02-13 21:06:32.476][INFO] [EnvDefault] Setting default: OPENCODE_CONFIG = F:\Project\git\appcontainer\AppContainer\x64\Release\opencode\opencode.json
[2026-02-13 21:06:32.476][INFO] [EnvDefault] Auto-allowed path: F:\Project\git\appcontainer\AppContainer\x64\Release\opencode
[2026-02-13 21:06:32.476][INFO] [EnvDefault] Auto-allowed path: F:\Project\git\appcontainer\AppContainer\x64\Release\opencode\work
[2026-02-13 21:06:32.476][INFO] [EnvDefault] Auto-allowed path: F:\Project\git\appcontainer\AppContainer\x64\Release\opencode\config
[2026-02-13 21:06:32.477][INFO] [EnvDefault] Auto-allowed path: F:\Project\git\appcontainer\AppContainer\x64\Release\opencode\cache
[2026-02-13 21:06:32.477][INFO] [EnvDefault] Auto-allowed path: F:\Project\git\appcontainer\AppContainer\x64\Release\opencode\data
[2026-02-13 21:06:32.477][INFO] [EnvDefault] Auto-allowed path: F:\Project\git\appcontainer\AppContainer\x64\Release\opencode\temp
[2026-02-13 21:06:32.477][INFO] [EnvDefault] Default OpenCode env paths applied.
[2026-02-13 21:06:32.477][DEBUG] [BunCompat] Not a Bun invocation, skipping compatibility setup.
[2026-02-13 21:06:32.477][DEBUG] [SubstResolve] Checking if exe path is on SUBST drive: F:\Project\git\appcontainer\opencode.exe
[2026-02-13 21:06:32.477][DEBUG] [SubstResolve] Not a SUBST drive or resolution not needed.
[2026-02-13 21:06:32.477][INFO] [Auto] Added exe parent dir to allowed paths: F:\Project\git\appcontainer
[2026-02-13 21:06:32.477][INFO] [BunVFS] Setting up virtual drive for: F:\Project\git\appcontainer\opencode.exe
[2026-02-13 21:06:32.477][DEBUG] [BunVFS] Scanning 160022528 bytes for DLL name pattern 'opentui-*.dll'...
[2026-02-13 21:06:32.593][INFO] [BunVFS] Found DLL name at offset 0x7514374: 'opentui-txxqvfz2.dll' (scanned 1 candidates)
[2026-02-13 21:06:32.593][INFO] [BunVFS] Scanning 160022528 bytes for embedded PE DLLs...
[2026-02-13 21:06:32.593][DEBUG] [BunVFS/PE] COFF header: machine=0x8664, sections=12, optHdrSize=240, chars=0x0022
[2026-02-13 21:06:32.603][WARN] [BunVFS] No valid PE DLL candidates found in binary.
[2026-02-13 21:06:32.618][WARN] [BunVFS] DLL extraction failed. VFS will not be set up.
[2026-02-13 21:06:32.618][INFO] [Profile] Creating AppContainer profile: moniker='OpenCodeContainer', display='OpenCode AppContainer', caps=3
[2026-02-13 21:06:32.630][INFO] [Profile] Profile already exists, deriving SID...
[2026-02-13 21:06:32.630][INFO] [Profile] Reusing existing profile. SID=S-1-15-2-3119325083-3877019020-4262433807-3826958641-1237694064-3878085498-1640039146
[2026-02-13 21:06:32.630][INFO] [Permissions] Granting access to 7 allowed path(s)...
[2026-02-13 21:06:32.630][DEBUG] [Permissions] Processing path: F:\Project\git\appcontainer\AppContainer\x64\Release\opencode (attrs=0x00000010)
[2026-02-13 21:06:32.630][DEBUG] [Security] Saving original security descriptor for: F:\Project\git\appcontainer\AppContainer\x64\Release\opencode
[2026-02-13 21:06:32.631][INFO] [Security] Backed up DACL for F:\Project\git\appcontainer\AppContainer\x64\Release\opencode (protected=0, revision=1)
[2026-02-13 21:06:32.631][INFO] [Security] Backed up Label SACL for F:\Project\git\appcontainer\AppContainer\x64\Release\opencode
[2026-02-13 21:06:32.631][DEBUG] [ACL] GrantFullControl on: F:\Project\git\appcontainer\AppContainer\x64\Release\opencode
[2026-02-13 21:06:32.633][DEBUG] [ACL] Successfully granted FILE_ALL_ACCESS on: F:\Project\git\appcontainer\AppContainer\x64\Release\opencode
[2026-02-13 21:06:32.633][INFO] [Permissions] Granted FILE_ALL_ACCESS on F:\Project\git\appcontainer\AppContainer\x64\Release\opencode
[2026-02-13 21:06:32.633][DEBUG] [Permissions] Processing path: F:\Project\git\appcontainer\AppContainer\x64\Release\opencode\work (attrs=0x00000010)
[2026-02-13 21:06:32.633][DEBUG] [Security] Saving original security descriptor for: F:\Project\git\appcontainer\AppContainer\x64\Release\opencode\work
[2026-02-13 21:06:32.633][INFO] [Security] Backed up DACL for F:\Project\git\appcontainer\AppContainer\x64\Release\opencode\work (protected=0, revision=1)
[2026-02-13 21:06:32.633][INFO] [Security] Backed up Label SACL for F:\Project\git\appcontainer\AppContainer\x64\Release\opencode\work
[2026-02-13 21:06:32.633][DEBUG] [ACL] GrantFullControl on: F:\Project\git\appcontainer\AppContainer\x64\Release\opencode\work
[2026-02-13 21:06:32.634][DEBUG] [ACL] Successfully granted FILE_ALL_ACCESS on: F:\Project\git\appcontainer\AppContainer\x64\Release\opencode\work
[2026-02-13 21:06:32.634][INFO] [Permissions] Granted FILE_ALL_ACCESS on F:\Project\git\appcontainer\AppContainer\x64\Release\opencode\work
[2026-02-13 21:06:32.635][DEBUG] [Permissions] Processing path: F:\Project\git\appcontainer\AppContainer\x64\Release\opencode\config (attrs=0x00000010)
[2026-02-13 21:06:32.635][DEBUG] [Security] Saving original security descriptor for: F:\Project\git\appcontainer\AppContainer\x64\Release\opencode\config
[2026-02-13 21:06:32.635][INFO] [Security] Backed up DACL for F:\Project\git\appcontainer\AppContainer\x64\Release\opencode\config (protected=0, revision=1)
[2026-02-13 21:06:32.635][INFO] [Security] Backed up Label SACL for F:\Project\git\appcontainer\AppContainer\x64\Release\opencode\config
[2026-02-13 21:06:32.635][DEBUG] [ACL] GrantFullControl on: F:\Project\git\appcontainer\AppContainer\x64\Release\opencode\config
[2026-02-13 21:06:32.636][DEBUG] [ACL] Successfully granted FILE_ALL_ACCESS on: F:\Project\git\appcontainer\AppContainer\x64\Release\opencode\config
[2026-02-13 21:06:32.636][INFO] [Permissions] Granted FILE_ALL_ACCESS on F:\Project\git\appcontainer\AppContainer\x64\Release\opencode\config
[2026-02-13 21:06:32.636][DEBUG] [Permissions] Processing path: F:\Project\git\appcontainer\AppContainer\x64\Release\opencode\cache (attrs=0x00000010)
[2026-02-13 21:06:32.636][DEBUG] [Security] Saving original security descriptor for: F:\Project\git\appcontainer\AppContainer\x64\Release\opencode\cache
[2026-02-13 21:06:32.637][INFO] [Security] Backed up DACL for F:\Project\git\appcontainer\AppContainer\x64\Release\opencode\cache (protected=0, revision=1)
[2026-02-13 21:06:32.637][INFO] [Security] Backed up Label SACL for F:\Project\git\appcontainer\AppContainer\x64\Release\opencode\cache
[2026-02-13 21:06:32.637][DEBUG] [ACL] GrantFullControl on: F:\Project\git\appcontainer\AppContainer\x64\Release\opencode\cache
[2026-02-13 21:06:32.637][DEBUG] [ACL] Successfully granted FILE_ALL_ACCESS on: F:\Project\git\appcontainer\AppContainer\x64\Release\opencode\cache
[2026-02-13 21:06:32.638][INFO] [Permissions] Granted FILE_ALL_ACCESS on F:\Project\git\appcontainer\AppContainer\x64\Release\opencode\cache
[2026-02-13 21:06:32.638][DEBUG] [Permissions] Processing path: F:\Project\git\appcontainer\AppContainer\x64\Release\opencode\data (attrs=0x00000010)
[2026-02-13 21:06:32.638][DEBUG] [Security] Saving original security descriptor for: F:\Project\git\appcontainer\AppContainer\x64\Release\opencode\data
[2026-02-13 21:06:32.638][INFO] [Security] Backed up DACL for F:\Project\git\appcontainer\AppContainer\x64\Release\opencode\data (protected=0, revision=1)
[2026-02-13 21:06:32.638][INFO] [Security] Backed up Label SACL for F:\Project\git\appcontainer\AppContainer\x64\Release\opencode\data
[2026-02-13 21:06:32.638][DEBUG] [ACL] GrantFullControl on: F:\Project\git\appcontainer\AppContainer\x64\Release\opencode\data
[2026-02-13 21:06:32.639][DEBUG] [ACL] Successfully granted FILE_ALL_ACCESS on: F:\Project\git\appcontainer\AppContainer\x64\Release\opencode\data
[2026-02-13 21:06:32.640][INFO] [Permissions] Granted FILE_ALL_ACCESS on F:\Project\git\appcontainer\AppContainer\x64\Release\opencode\data
[2026-02-13 21:06:32.640][DEBUG] [Permissions] Processing path: F:\Project\git\appcontainer\AppContainer\x64\Release\opencode\temp (attrs=0x00000010)
[2026-02-13 21:06:32.640][DEBUG] [Security] Saving original security descriptor for: F:\Project\git\appcontainer\AppContainer\x64\Release\opencode\temp
[2026-02-13 21:06:32.640][INFO] [Security] Backed up DACL for F:\Project\git\appcontainer\AppContainer\x64\Release\opencode\temp (protected=0, revision=1)
[2026-02-13 21:06:32.640][INFO] [Security] Backed up Label SACL for F:\Project\git\appcontainer\AppContainer\x64\Release\opencode\temp
[2026-02-13 21:06:32.640][DEBUG] [ACL] GrantFullControl on: F:\Project\git\appcontainer\AppContainer\x64\Release\opencode\temp
[2026-02-13 21:06:32.640][DEBUG] [ACL] Successfully granted FILE_ALL_ACCESS on: F:\Project\git\appcontainer\AppContainer\x64\Release\opencode\temp
[2026-02-13 21:06:32.641][INFO] [Permissions] Granted FILE_ALL_ACCESS on F:\Project\git\appcontainer\AppContainer\x64\Release\opencode\temp
[2026-02-13 21:06:32.641][DEBUG] [Permissions] Processing path: F:\Project\git\appcontainer (attrs=0x00000010)
[2026-02-13 21:06:32.641][DEBUG] [Security] Saving original security descriptor for: F:\Project\git\appcontainer
[2026-02-13 21:06:32.641][INFO] [Security] Backed up DACL for F:\Project\git\appcontainer (protected=0, revision=1)
[2026-02-13 21:06:32.641][INFO] [Security] Backed up Label SACL for F:\Project\git\appcontainer
[2026-02-13 21:06:32.641][DEBUG] [ACL] GrantFullControl on: F:\Project\git\appcontainer
[2026-02-13 21:06:32.648][DEBUG] [ACL] Successfully granted FILE_ALL_ACCESS on: F:\Project\git\appcontainer
[2026-02-13 21:06:32.648][INFO] [Permissions] Granted FILE_ALL_ACCESS on F:\Project\git\appcontainer
[2026-02-13 21:06:32.649][INFO] [Permissions] Access grant summary: granted=7, skipped=0, failed=0 (total paths=7)
[2026-02-13 21:06:32.649][INFO] [Env] Building child environment block...
[2026-02-13 21:06:32.649][DEBUG] [Env] New var: HOME = F:\Project\git\appcontainer\AppContainer\x64\Release\opencode\work
[2026-02-13 21:06:32.649][DEBUG] [Env] Override: USERPROFILE = F:\Project\git\appcontainer\AppContainer\x64\Release\opencode\work (was: C:\Users\tao)
[2026-02-13 21:06:32.649][DEBUG] [Env] Override: APPDATA = F:\Project\git\appcontainer\AppContainer\x64\Release\opencode\config (was: C:\Users\tao\AppData\Roaming)
[2026-02-13 21:06:32.649][DEBUG] [Env] Override: LOCALAPPDATA = F:\Project\git\appcontainer\AppContainer\x64\Release (was: C:\Users\tao\AppData\Local)
[2026-02-13 21:06:32.649][DEBUG] [Env] Override: TEMP = F:\Project\git\appcontainer\AppContainer\x64\Release\opencode\temp (was: C:\Users\tao\AppData\Local\Temp)
[2026-02-13 21:06:32.649][DEBUG] [Env] Override: TMP = F:\Project\git\appcontainer\AppContainer\x64\Release\opencode\temp (was: C:\Users\tao\AppData\Local\Temp)
[2026-02-13 21:06:32.649][DEBUG] [Env] New var: XDG_CONFIG_HOME = F:\Project\git\appcontainer\AppContainer\x64\Release\opencode\config
[2026-02-13 21:06:32.650][DEBUG] [Env] New var: XDG_CACHE_HOME = F:\Project\git\appcontainer\AppContainer\x64\Release\opencode\cache
[2026-02-13 21:06:32.650][DEBUG] [Env] New var: XDG_DATA_HOME = F:\Project\git\appcontainer\AppContainer\x64\Release\opencode\data
[2026-02-13 21:06:32.650][DEBUG] [Env] New var: OPENCODE_CONFIG = F:\Project\git\appcontainer\AppContainer\x64\Release\opencode\opencode.json
[2026-02-13 21:06:32.650][INFO] [Env] Environment block built: 73 entries, 4891 wchars
[2026-02-13 21:06:32.650][INFO] [Launch] Preparing to launch: F:\Project\git\appcontainer\opencode.exe
[2026-02-13 21:06:32.650][DEBUG] [ConPTY] API loaded: CreatePseudoConsole=00007FFCD15378F0, ClosePseudoConsole=00007FFCD15378E0
[2026-02-13 21:06:32.650][INFO] [Launch] ConPTY mode enabled.
[2026-02-13 21:06:32.651][DEBUG] [ConPTY] Console size: 120x30
[2026-02-13 21:06:32.654][INFO] [Launch] PseudoConsole created: 120x30
[2026-02-13 21:06:32.654][INFO] [Launch] Working directory: F:\Project\git\appcontainer\AppContainer\x64\Release\opencode\work
[2026-02-13 21:06:32.656][INFO] [Launch] CreateProcessW: flags=0x00080400, cmd='F:\Project\git\appcontainer\opencode.exe'
[2026-02-13 21:06:32.659][INFO] [Launch] Process created: PID=32520, TID=36092
[2026-02-13 21:06:32.659][INFO] [Launch] ConPTY relay threads started. Waiting for child exit...
[2026-02-13 21:07:41.983][WARN] [Ctrl] Console control event: 2
[2026-02-13 21:07:41.983][INFO] [Revert] Restoring original security on 7 path(s)...
[2026-02-13 21:07:41.985][INFO] [Revert] Restored DACL on F:\Project\git\appcontainer\AppContainer\x64\Release\opencode (protected=0)
[2026-02-13 21:07:41.985][WARN] [Revert] Failed to restore Label SACL on F:\Project\git\appcontainer\AppContainer\x64\Release\opencode (err=5)
[2026-02-13 21:07:41.986][INFO] [Revert] Restored DACL on F:\Project\git\appcontainer\AppContainer\x64\Release\opencode\work (protected=0)
[2026-02-13 21:07:41.986][WARN] [Revert] Failed to restore Label SACL on F:\Project\git\appcontainer\AppContainer\x64\Release\opencode\work (err=5)
[2026-02-13 21:07:41.986][INFO] [Revert] Restored DACL on F:\Project\git\appcontainer\AppContainer\x64\Release\opencode\config (protected=0)
[2026-02-13 21:07:41.986][WARN] [Revert] Failed to restore Label SACL on F:\Project\git\appcontainer\AppContainer\x64\Release\opencode\config (err=5)
[2026-02-13 21:07:41.987][INFO] [Revert] Restored DACL on F:\Project\git\appcontainer\AppContainer\x64\Release\opencode\cache (protected=0)
[2026-02-13 21:07:41.987][WARN] [Revert] Failed to restore Label SACL on F:\Project\git\appcontainer\AppContainer\x64\Release\opencode\cache (err=5)
[2026-02-13 21:07:41.988][INFO] [Revert] Restored DACL on F:\Project\git\appcontainer\AppContainer\x64\Release\opencode\data (protected=0)
[2026-02-13 21:07:41.988][WARN] [Revert] Failed to restore Label SACL on F:\Project\git\appcontainer\AppContainer\x64\Release\opencode\data (err=5)
[2026-02-13 21:07:41.988][INFO] [Revert] Restored DACL on F:\Project\git\appcontainer\AppContainer\x64\Release\opencode\temp (protected=0)
[2026-02-13 21:07:41.988][WARN] [Revert] Failed to restore Label SACL on F:\Project\git\appcontainer\AppContainer\x64\Release\opencode\temp (err=5)
[2026-02-13 21:07:41.995][INFO] [Revert] Restored DACL on F:\Project\git\appcontainer (protected=0)
[2026-02-13 21:07:41.995][WARN] [Revert] Failed to restore Label SACL on F:\Project\git\appcontainer (err=5)
[2026-02-13 21:07:41.995][INFO] [Revert] Security restore complete: DACL restored=7 failed=0, SACL restored=0 failed=7
[2026-02-13 21:07:41.996][INFO] [BunVFS] Cleaned up staging dir: F:\Project\git\appcontainer\AppContainer\x64\Release\bun_vfs_staging
