[2026-02-13 21:42:07.525][INFO] ========================================
[2026-02-13 21:42:07.525][INFO] LaunchAppContainer starting
[2026-02-13 21:42:07.526][INFO]   exe: F:\Project\git\appcontainer\opencode.exe
[2026-02-13 21:42:07.526][INFO]   moniker: OpenCodeContainer
[2026-02-13 21:42:07.526][INFO]   wait=1, conpty=1, lpac=0, noWin32k=0
[2026-02-13 21:42:07.526][INFO] ========================================
[2026-02-13 21:42:07.526][INFO] [EnvDefault] Setting up default OpenCode env paths under: F:\Project\git\appcontainer\AppContainer\x64\Release
[2026-02-13 21:42:07.527][INFO] [EnvDefault] Setting default: HOME = F:\Project\git\appcontainer\AppContainer\x64\Release\opencode\work
[2026-02-13 21:42:07.527][INFO] [EnvDefault] Setting default: USERPROFILE = F:\Project\git\appcontainer\AppContainer\x64\Release\opencode\work
[2026-02-13 21:42:07.527][INFO] [EnvDefault] Setting default: APPDATA = F:\Project\git\appcontainer\AppContainer\x64\Release\opencode\config
[2026-02-13 21:42:07.527][INFO] [EnvDefault] Setting default: LOCALAPPDATA = F:\Project\git\appcontainer\AppContainer\x64\Release
[2026-02-13 21:42:07.527][INFO] [EnvDefault] Setting default: TEMP = F:\Project\git\appcontainer\AppContainer\x64\Release\opencode\temp
[2026-02-13 21:42:07.527][INFO] [EnvDefault] Setting default: TMP = F:\Project\git\appcontainer\AppContainer\x64\Release\opencode\temp
[2026-02-13 21:42:07.527][INFO] [EnvDefault] Setting default: XDG_CONFIG_HOME = F:\Project\git\appcontainer\AppContainer\x64\Release\opencode\config
[2026-02-13 21:42:07.527][INFO] [EnvDefault] Setting default: XDG_CACHE_HOME = F:\Project\git\appcontainer\AppContainer\x64\Release\opencode\cache
[2026-02-13 21:42:07.527][INFO] [EnvDefault] Setting default: XDG_DATA_HOME = F:\Project\git\appcontainer\AppContainer\x64\Release\opencode\data
[2026-02-13 21:42:07.527][INFO] [EnvDefault] Setting default: OPENCODE_CONFIG = F:\Project\git\appcontainer\AppContainer\x64\Release\opencode\opencode.json
[2026-02-13 21:42:07.527][INFO] [EnvDefault] Auto-allowed path: F:\Project\git\appcontainer\AppContainer\x64\Release\opencode
[2026-02-13 21:42:07.527][INFO] [EnvDefault] Auto-allowed path: F:\Project\git\appcontainer\AppContainer\x64\Release\opencode\work
[2026-02-13 21:42:07.527][INFO] [EnvDefault] Auto-allowed path: F:\Project\git\appcontainer\AppContainer\x64\Release\opencode\config
[2026-02-13 21:42:07.528][INFO] [EnvDefault] Auto-allowed path: F:\Project\git\appcontainer\AppContainer\x64\Release\opencode\cache
[2026-02-13 21:42:07.528][INFO] [EnvDefault] Auto-allowed path: F:\Project\git\appcontainer\AppContainer\x64\Release\opencode\data
[2026-02-13 21:42:07.528][INFO] [EnvDefault] Auto-allowed path: F:\Project\git\appcontainer\AppContainer\x64\Release\opencode\temp
[2026-02-13 21:42:07.528][INFO] [EnvDefault] Default OpenCode env paths applied.
[2026-02-13 21:42:07.528][DEBUG] [BunCompat] Not a Bun invocation, skipping compatibility setup.
[2026-02-13 21:42:07.528][DEBUG] [SubstResolve] Checking if exe path is on SUBST drive: F:\Project\git\appcontainer\opencode.exe
[2026-02-13 21:42:07.528][DEBUG] [SubstResolve] Not a SUBST drive or resolution not needed.
[2026-02-13 21:42:07.528][INFO] [Auto] Added exe parent dir to allowed paths: F:\Project\git\appcontainer
[2026-02-13 21:42:07.528][INFO] [BunVFS] Setting up virtual drive for: F:\Project\git\appcontainer\opencode.exe
[2026-02-13 21:42:07.528][DEBUG] [BunVFS] Scanning 160022528 bytes for DLL name pattern 'opentui-*.dll'...
[2026-02-13 21:42:07.661][INFO] [BunVFS] Found DLL name at offset 0x7514374: 'opentui-txxqvfz2.dll' (scanned 1 candidates)
[2026-02-13 21:42:07.661][INFO] [BunVFS] Scanning 160022528 bytes for embedded PE DLLs...
[2026-02-13 21:42:07.661][DEBUG] [BunVFS/PE] COFF header: machine=0x8664, sections=12, optHdrSize=240, chars=0x0022
[2026-02-13 21:42:07.670][WARN] [BunVFS] No valid PE DLL candidates found in binary.
[2026-02-13 21:42:07.684][WARN] [BunVFS] DLL extraction failed. VFS will not be set up.
[2026-02-13 21:42:07.684][INFO] [Profile] Creating AppContainer profile: moniker='OpenCodeContainer', display='OpenCode AppContainer', caps=3
[2026-02-13 21:42:07.695][INFO] [Profile] Profile already exists, deriving SID...
[2026-02-13 21:42:07.695][INFO] [Profile] Reusing existing profile. SID=S-1-15-2-3119325083-3877019020-4262433807-3826958641-1237694064-3878085498-1640039146
[2026-02-13 21:42:07.695][INFO] [Permissions] Granting access to 7 allowed path(s)...
[2026-02-13 21:42:07.695][DEBUG] [Permissions] Processing path: F:\Project\git\appcontainer\AppContainer\x64\Release\opencode (attrs=0x00000010)
[2026-02-13 21:42:07.695][DEBUG] [Security] Saving original security descriptor for: F:\Project\git\appcontainer\AppContainer\x64\Release\opencode
[2026-02-13 21:42:07.695][INFO] [Security] Backed up DACL for F:\Project\git\appcontainer\AppContainer\x64\Release\opencode (protected=0, revision=1)
[2026-02-13 21:42:07.696][INFO] [Security] Backed up Label SACL for F:\Project\git\appcontainer\AppContainer\x64\Release\opencode
[2026-02-13 21:42:07.696][DEBUG] [ACL] GrantFullControl on: F:\Project\git\appcontainer\AppContainer\x64\Release\opencode
[2026-02-13 21:42:07.697][DEBUG] [ACL] Successfully granted FILE_ALL_ACCESS on: F:\Project\git\appcontainer\AppContainer\x64\Release\opencode
[2026-02-13 21:42:07.698][INFO] [Permissions] Granted FILE_ALL_ACCESS on F:\Project\git\appcontainer\AppContainer\x64\Release\opencode
[2026-02-13 21:42:07.698][DEBUG] [Permissions] Processing path: F:\Project\git\appcontainer\AppContainer\x64\Release\opencode\work (attrs=0x00000010)
[2026-02-13 21:42:07.698][DEBUG] [Security] Saving original security descriptor for: F:\Project\git\appcontainer\AppContainer\x64\Release\opencode\work
[2026-02-13 21:42:07.698][INFO] [Security] Backed up DACL for F:\Project\git\appcontainer\AppContainer\x64\Release\opencode\work (protected=0, revision=1)
[2026-02-13 21:42:07.698][INFO] [Security] Backed up Label SACL for F:\Project\git\appcontainer\AppContainer\x64\Release\opencode\work
[2026-02-13 21:42:07.698][DEBUG] [ACL] GrantFullControl on: F:\Project\git\appcontainer\AppContainer\x64\Release\opencode\work
[2026-02-13 21:42:07.698][DEBUG] [ACL] Successfully granted FILE_ALL_ACCESS on: F:\Project\git\appcontainer\AppContainer\x64\Release\opencode\work
[2026-02-13 21:42:07.698][INFO] [Permissions] Granted FILE_ALL_ACCESS on F:\Project\git\appcontainer\AppContainer\x64\Release\opencode\work
[2026-02-13 21:42:07.698][DEBUG] [Permissions] Processing path: F:\Project\git\appcontainer\AppContainer\x64\Release\opencode\config (attrs=0x00000010)
[2026-02-13 21:42:07.698][DEBUG] [Security] Saving original security descriptor for: F:\Project\git\appcontainer\AppContainer\x64\Release\opencode\config
[2026-02-13 21:42:07.698][INFO] [Security] Backed up DACL for F:\Project\git\appcontainer\AppContainer\x64\Release\opencode\config (protected=0, revision=1)
[2026-02-13 21:42:07.699][INFO] [Security] Backed up Label SACL for F:\Project\git\appcontainer\AppContainer\x64\Release\opencode\config
[2026-02-13 21:42:07.699][DEBUG] [ACL] GrantFullControl on: F:\Project\git\appcontainer\AppContainer\x64\Release\opencode\config
[2026-02-13 21:42:07.699][DEBUG] [ACL] Successfully granted FILE_ALL_ACCESS on: F:\Project\git\appcontainer\AppContainer\x64\Release\opencode\config
[2026-02-13 21:42:07.699][INFO] [Permissions] Granted FILE_ALL_ACCESS on F:\Project\git\appcontainer\AppContainer\x64\Release\opencode\config
[2026-02-13 21:42:07.699][DEBUG] [Permissions] Processing path: F:\Project\git\appcontainer\AppContainer\x64\Release\opencode\cache (attrs=0x00000010)
[2026-02-13 21:42:07.699][DEBUG] [Security] Saving original security descriptor for: F:\Project\git\appcontainer\AppContainer\x64\Release\opencode\cache
[2026-02-13 21:42:07.699][INFO] [Security] Backed up DACL for F:\Project\git\appcontainer\AppContainer\x64\Release\opencode\cache (protected=0, revision=1)
[2026-02-13 21:42:07.699][INFO] [Security] Backed up Label SACL for F:\Project\git\appcontainer\AppContainer\x64\Release\opencode\cache
[2026-02-13 21:42:07.699][DEBUG] [ACL] GrantFullControl on: F:\Project\git\appcontainer\AppContainer\x64\Release\opencode\cache
[2026-02-13 21:42:07.700][DEBUG] [ACL] Successfully granted FILE_ALL_ACCESS on: F:\Project\git\appcontainer\AppContainer\x64\Release\opencode\cache
[2026-02-13 21:42:07.700][INFO] [Permissions] Granted FILE_ALL_ACCESS on F:\Project\git\appcontainer\AppContainer\x64\Release\opencode\cache
[2026-02-13 21:42:07.700][DEBUG] [Permissions] Processing path: F:\Project\git\appcontainer\AppContainer\x64\Release\opencode\data (attrs=0x00000010)
[2026-02-13 21:42:07.700][DEBUG] [Security] Saving original security descriptor for: F:\Project\git\appcontainer\AppContainer\x64\Release\opencode\data
[2026-02-13 21:42:07.700][INFO] [Security] Backed up DACL for F:\Project\git\appcontainer\AppContainer\x64\Release\opencode\data (protected=0, revision=1)
[2026-02-13 21:42:07.700][INFO] [Security] Backed up Label SACL for F:\Project\git\appcontainer\AppContainer\x64\Release\opencode\data
[2026-02-13 21:42:07.700][DEBUG] [ACL] GrantFullControl on: F:\Project\git\appcontainer\AppContainer\x64\Release\opencode\data
[2026-02-13 21:42:07.701][DEBUG] [ACL] Successfully granted FILE_ALL_ACCESS on: F:\Project\git\appcontainer\AppContainer\x64\Release\opencode\data
[2026-02-13 21:42:07.701][INFO] [Permissions] Granted FILE_ALL_ACCESS on F:\Project\git\appcontainer\AppContainer\x64\Release\opencode\data
[2026-02-13 21:42:07.701][DEBUG] [Permissions] Processing path: F:\Project\git\appcontainer\AppContainer\x64\Release\opencode\temp (attrs=0x00000010)
[2026-02-13 21:42:07.701][DEBUG] [Security] Saving original security descriptor for: F:\Project\git\appcontainer\AppContainer\x64\Release\opencode\temp
[2026-02-13 21:42:07.701][INFO] [Security] Backed up DACL for F:\Project\git\appcontainer\AppContainer\x64\Release\opencode\temp (protected=0, revision=1)
[2026-02-13 21:42:07.701][INFO] [Security] Backed up Label SACL for F:\Project\git\appcontainer\AppContainer\x64\Release\opencode\temp
[2026-02-13 21:42:07.701][DEBUG] [ACL] GrantFullControl on: F:\Project\git\appcontainer\AppContainer\x64\Release\opencode\temp
[2026-02-13 21:42:07.702][DEBUG] [ACL] Successfully granted FILE_ALL_ACCESS on: F:\Project\git\appcontainer\AppContainer\x64\Release\opencode\temp
[2026-02-13 21:42:07.702][INFO] [Permissions] Granted FILE_ALL_ACCESS on F:\Project\git\appcontainer\AppContainer\x64\Release\opencode\temp
[2026-02-13 21:42:07.702][DEBUG] [Permissions] Processing path: F:\Project\git\appcontainer (attrs=0x00000010)
[2026-02-13 21:42:07.702][DEBUG] [Security] Saving original security descriptor for: F:\Project\git\appcontainer
[2026-02-13 21:42:07.702][INFO] [Security] Backed up DACL for F:\Project\git\appcontainer (protected=0, revision=1)
[2026-02-13 21:42:07.702][INFO] [Security] Backed up Label SACL for F:\Project\git\appcontainer
[2026-02-13 21:42:07.702][DEBUG] [ACL] GrantFullControl on: F:\Project\git\appcontainer
[2026-02-13 21:42:07.709][DEBUG] [ACL] Successfully granted FILE_ALL_ACCESS on: F:\Project\git\appcontainer
[2026-02-13 21:42:07.709][INFO] [Permissions] Granted FILE_ALL_ACCESS on F:\Project\git\appcontainer
[2026-02-13 21:42:07.709][INFO] [Permissions] Access grant summary: granted=7, skipped=0, failed=0 (total paths=7)
[2026-02-13 21:42:07.709][INFO] [Env] Building child environment block...
[2026-02-13 21:42:07.709][DEBUG] [Env] New var: HOME = F:\Project\git\appcontainer\AppContainer\x64\Release\opencode\work
[2026-02-13 21:42:07.709][DEBUG] [Env] Override: USERPROFILE = F:\Project\git\appcontainer\AppContainer\x64\Release\opencode\work (was: C:\Users\tao)
[2026-02-13 21:42:07.709][DEBUG] [Env] Override: APPDATA = F:\Project\git\appcontainer\AppContainer\x64\Release\opencode\config (was: C:\Users\tao\AppData\Roaming)
[2026-02-13 21:42:07.709][DEBUG] [Env] Override: LOCALAPPDATA = F:\Project\git\appcontainer\AppContainer\x64\Release (was: C:\Users\tao\AppData\Local)
[2026-02-13 21:42:07.709][DEBUG] [Env] Override: TEMP = F:\Project\git\appcontainer\AppContainer\x64\Release\opencode\temp (was: C:\Users\tao\AppData\Local\Temp)
[2026-02-13 21:42:07.709][DEBUG] [Env] Override: TMP = F:\Project\git\appcontainer\AppContainer\x64\Release\opencode\temp (was: C:\Users\tao\AppData\Local\Temp)
[2026-02-13 21:42:07.709][DEBUG] [Env] New var: XDG_CONFIG_HOME = F:\Project\git\appcontainer\AppContainer\x64\Release\opencode\config
[2026-02-13 21:42:07.709][DEBUG] [Env] New var: XDG_CACHE_HOME = F:\Project\git\appcontainer\AppContainer\x64\Release\opencode\cache
[2026-02-13 21:42:07.709][DEBUG] [Env] New var: XDG_DATA_HOME = F:\Project\git\appcontainer\AppContainer\x64\Release\opencode\data
[2026-02-13 21:42:07.709][DEBUG] [Env] New var: OPENCODE_CONFIG = F:\Project\git\appcontainer\AppContainer\x64\Release\opencode\opencode.json
[2026-02-13 21:42:07.709][INFO] [Env] Environment block built: 72 entries, 4857 wchars
[2026-02-13 21:42:07.709][INFO] [Launch] Preparing to launch: F:\Project\git\appcontainer\opencode.exe
[2026-02-13 21:42:07.709][DEBUG] [ConPTY] API loaded: CreatePseudoConsole=00007FFCD15378F0, ClosePseudoConsole=00007FFCD15378E0
[2026-02-13 21:42:07.709][INFO] [Launch] ConPTY mode enabled.
[2026-02-13 21:42:07.710][DEBUG] [ConPTY] Console size: 120x30
[2026-02-13 21:42:07.713][INFO] [Launch] PseudoConsole created: 120x30
[2026-02-13 21:42:07.713][INFO] [Launch] Working directory: F:\Project\git\appcontainer\AppContainer\x64\Release\opencode\work
[2026-02-13 21:42:07.713][INFO] [Launch] CreateProcessW: flags=0x00080400, cmd='F:\Project\git\appcontainer\opencode.exe'
[2026-02-13 21:42:07.715][INFO] [Launch] Process created: PID=34808, TID=24552
[2026-02-13 21:42:07.715][INFO] [Launch] ConPTY relay threads started. Waiting for child exit...
