[2026-02-13 21:02:44.163][INFO] ========================================
[2026-02-13 21:02:44.163][INFO] LaunchAppContainer starting
[2026-02-13 21:02:44.163][INFO]   exe: F:\Project\git\appcontainer\opencode.exe
[2026-02-13 21:02:44.163][INFO]   moniker: OpenCodeContainer
[2026-02-13 21:02:44.163][INFO]   wait=1, conpty=1, lpac=0, noWin32k=0
[2026-02-13 21:02:44.163][INFO] ========================================
[2026-02-13 21:02:44.163][INFO] [EnvDefault] Setting up default OpenCode env paths under: F:\Project\git\appcontainer\AppContainer\x64\Release
[2026-02-13 21:02:44.163][INFO] [EnvDefault] Setting default: HOME = F:\Project\git\appcontainer\AppContainer\x64\Release\opencode\work
[2026-02-13 21:02:44.163][INFO] [EnvDefault] Setting default: USERPROFILE = F:\Project\git\appcontainer\AppContainer\x64\Release\opencode\work
[2026-02-13 21:02:44.163][INFO] [EnvDefault] Setting default: APPDATA = F:\Project\git\appcontainer\AppContainer\x64\Release\opencode\config
[2026-02-13 21:02:44.163][INFO] [EnvDefault] Setting default: LOCALAPPDATA = F:\Project\git\appcontainer\AppContainer\x64\Release
[2026-02-13 21:02:44.163][INFO] [EnvDefault] Setting default: TEMP = F:\Project\git\appcontainer\AppContainer\x64\Release\opencode\temp
[2026-02-13 21:02:44.163][INFO] [EnvDefault] Setting default: TMP = F:\Project\git\appcontainer\AppContainer\x64\Release\opencode\temp
[2026-02-13 21:02:44.163][INFO] [EnvDefault] Setting default: XDG_CONFIG_HOME = F:\Project\git\appcontainer\AppContainer\x64\Release\opencode\config
[2026-02-13 21:02:44.163][INFO] [EnvDefault] Setting default: XDG_CACHE_HOME = F:\Project\git\appcontainer\AppContainer\x64\Release\opencode\cache
[2026-02-13 21:02:44.163][INFO] [EnvDefault] Setting default: XDG_DATA_HOME = F:\Project\git\appcontainer\AppContainer\x64\Release\opencode\data
[2026-02-13 21:02:44.163][INFO] [EnvDefault] Setting default: OPENCODE_CONFIG = F:\Project\git\appcontainer\AppContainer\x64\Release\opencode\opencode.json
[2026-02-13 21:02:44.163][INFO] [EnvDefault] Auto-allowed path: F:\Project\git\appcontainer\AppContainer\x64\Release\opencode
[2026-02-13 21:02:44.163][INFO] [EnvDefault] Auto-allowed path: F:\Project\git\appcontainer\AppContainer\x64\Release\opencode\work
[2026-02-13 21:02:44.163][INFO] [EnvDefault] Auto-allowed path: F:\Project\git\appcontainer\AppContainer\x64\Release\opencode\config
[2026-02-13 21:02:44.163][INFO] [EnvDefault] Auto-allowed path: F:\Project\git\appcontainer\AppContainer\x64\Release\opencode\cache
[2026-02-13 21:02:44.163][INFO] [EnvDefault] Auto-allowed path: F:\Project\git\appcontainer\AppContainer\x64\Release\opencode\data
[2026-02-13 21:02:44.163][INFO] [EnvDefault] Auto-allowed path: F:\Project\git\appcontainer\AppContainer\x64\Release\opencode\temp
[2026-02-13 21:02:44.163][INFO] [EnvDefault] Default OpenCode env paths applied.
[2026-02-13 21:02:44.163][DEBUG] [BunCompat] Not a Bun invocation, skipping compatibility setup.
[2026-02-13 21:02:44.163][DEBUG] [SubstResolve] Checking if exe path is on SUBST drive: F:\Project\git\appcontainer\opencode.exe
[2026-02-13 21:02:44.163][DEBUG] [SubstResolve] Not a SUBST drive or resolution not needed.
[2026-02-13 21:02:44.163][INFO] [BunVFS] Setting up virtual drive for: F:\Project\git\appcontainer\opencode.exe
[2026-02-13 21:02:44.227][DEBUG] [BunVFS] Scanning 160022528 bytes for DLL name pattern 'opentui-*.dll'...
[2026-02-13 21:02:44.284][INFO] [BunVFS] Found DLL name at offset 0x7514374: 'opentui-txxqvfz2.dll' (scanned 1 candidates)
[2026-02-13 21:02:44.285][INFO] [BunVFS] Scanning 160022528 bytes for embedded PE DLLs...
[2026-02-13 21:02:44.285][DEBUG] [BunVFS/PE] COFF header: machine=0x8664, sections=12, optHdrSize=240, chars=0x0022
[2026-02-13 21:02:44.294][WARN] [BunVFS] No valid PE DLL candidates found in binary.
[2026-02-13 21:02:44.309][WARN] [BunVFS] DLL extraction failed. VFS will not be set up.
[2026-02-13 21:02:44.309][INFO] [Profile] Creating AppContainer profile: moniker='OpenCodeContainer', display='OpenCode AppContainer', caps=3
[2026-02-13 21:02:44.321][INFO] [Profile] Created new profile. SID=S-1-15-2-3119325083-3877019020-4262433807-3826958641-1237694064-3878085498-1640039146
[2026-02-13 21:02:44.321][INFO] [Permissions] Granting access to 6 allowed path(s)...
[2026-02-13 21:02:44.322][DEBUG] [Permissions] Processing path: F:\Project\git\appcontainer\AppContainer\x64\Release\opencode (attrs=0x00000010)
[2026-02-13 21:02:44.322][DEBUG] [Security] Saving original security descriptor for: F:\Project\git\appcontainer\AppContainer\x64\Release\opencode
[2026-02-13 21:02:44.322][INFO] [Security] Backed up DACL for F:\Project\git\appcontainer\AppContainer\x64\Release\opencode (protected=0, revision=1)
[2026-02-13 21:02:44.322][INFO] [Security] Backed up Label SACL for F:\Project\git\appcontainer\AppContainer\x64\Release\opencode
[2026-02-13 21:02:44.322][DEBUG] [ACL] GrantFullControl on: F:\Project\git\appcontainer\AppContainer\x64\Release\opencode
[2026-02-13 21:02:44.322][DEBUG] [ACL] Successfully granted FILE_ALL_ACCESS on: F:\Project\git\appcontainer\AppContainer\x64\Release\opencode
[2026-02-13 21:02:44.322][INFO] [Permissions] Granted FILE_ALL_ACCESS on F:\Project\git\appcontainer\AppContainer\x64\Release\opencode
[2026-02-13 21:02:44.322][DEBUG] [ACL] Setting Low Integrity label on: F:\Project\git\appcontainer\AppContainer\x64\Release\opencode
[2026-02-13 21:02:44.322][WARN] [ACL] SetNamedSecurityInfoW (SACL/LowIntegrity) failed on F:\Project\git\appcontainer\AppContainer\x64\Release\opencode: err=5 (needs elevation)
[2026-02-13 21:02:44.322][WARN] [Permissions] Set Low Integrity DENIED on F:\Project\git\appcontainer\AppContainer\x64\Release\opencode. Run elevated or set lowIntegrityOnPaths=false.
[2026-02-13 21:02:44.322][DEBUG] [Permissions] Processing path: F:\Project\git\appcontainer\AppContainer\x64\Release\opencode\work (attrs=0x00000010)
[2026-02-13 21:02:44.322][DEBUG] [Security] Saving original security descriptor for: F:\Project\git\appcontainer\AppContainer\x64\Release\opencode\work
[2026-02-13 21:02:44.322][INFO] [Security] Backed up DACL for F:\Project\git\appcontainer\AppContainer\x64\Release\opencode\work (protected=0, revision=1)
[2026-02-13 21:02:44.322][INFO] [Security] Backed up Label SACL for F:\Project\git\appcontainer\AppContainer\x64\Release\opencode\work
[2026-02-13 21:02:44.322][DEBUG] [ACL] GrantFullControl on: F:\Project\git\appcontainer\AppContainer\x64\Release\opencode\work
[2026-02-13 21:02:44.322][DEBUG] [ACL] Successfully granted FILE_ALL_ACCESS on: F:\Project\git\appcontainer\AppContainer\x64\Release\opencode\work
[2026-02-13 21:02:44.322][INFO] [Permissions] Granted FILE_ALL_ACCESS on F:\Project\git\appcontainer\AppContainer\x64\Release\opencode\work
[2026-02-13 21:02:44.322][DEBUG] [ACL] Setting Low Integrity label on: F:\Project\git\appcontainer\AppContainer\x64\Release\opencode\work
[2026-02-13 21:02:44.322][WARN] [ACL] SetNamedSecurityInfoW (SACL/LowIntegrity) failed on F:\Project\git\appcontainer\AppContainer\x64\Release\opencode\work: err=5 (needs elevation)
[2026-02-13 21:02:44.322][WARN] [Permissions] Set Low Integrity DENIED on F:\Project\git\appcontainer\AppContainer\x64\Release\opencode\work. Run elevated or set lowIntegrityOnPaths=false.
[2026-02-13 21:02:44.322][DEBUG] [Permissions] Processing path: F:\Project\git\appcontainer\AppContainer\x64\Release\opencode\config (attrs=0x00000010)
[2026-02-13 21:02:44.322][DEBUG] [Security] Saving original security descriptor for: F:\Project\git\appcontainer\AppContainer\x64\Release\opencode\config
[2026-02-13 21:02:44.322][INFO] [Security] Backed up DACL for F:\Project\git\appcontainer\AppContainer\x64\Release\opencode\config (protected=0, revision=1)
[2026-02-13 21:02:44.323][INFO] [Security] Backed up Label SACL for F:\Project\git\appcontainer\AppContainer\x64\Release\opencode\config
[2026-02-13 21:02:44.323][DEBUG] [ACL] GrantFullControl on: F:\Project\git\appcontainer\AppContainer\x64\Release\opencode\config
[2026-02-13 21:02:44.323][DEBUG] [ACL] Successfully granted FILE_ALL_ACCESS on: F:\Project\git\appcontainer\AppContainer\x64\Release\opencode\config
[2026-02-13 21:02:44.323][INFO] [Permissions] Granted FILE_ALL_ACCESS on F:\Project\git\appcontainer\AppContainer\x64\Release\opencode\config
[2026-02-13 21:02:44.323][DEBUG] [ACL] Setting Low Integrity label on: F:\Project\git\appcontainer\AppContainer\x64\Release\opencode\config
[2026-02-13 21:02:44.323][WARN] [ACL] SetNamedSecurityInfoW (SACL/LowIntegrity) failed on F:\Project\git\appcontainer\AppContainer\x64\Release\opencode\config: err=5 (needs elevation)
[2026-02-13 21:02:44.323][WARN] [Permissions] Set Low Integrity DENIED on F:\Project\git\appcontainer\AppContainer\x64\Release\opencode\config. Run elevated or set lowIntegrityOnPaths=false.
[2026-02-13 21:02:44.323][DEBUG] [Permissions] Processing path: F:\Project\git\appcontainer\AppContainer\x64\Release\opencode\cache (attrs=0x00000010)
[2026-02-13 21:02:44.323][DEBUG] [Security] Saving original security descriptor for: F:\Project\git\appcontainer\AppContainer\x64\Release\opencode\cache
[2026-02-13 21:02:44.323][INFO] [Security] Backed up DACL for F:\Project\git\appcontainer\AppContainer\x64\Release\opencode\cache (protected=0, revision=1)
[2026-02-13 21:02:44.323][INFO] [Security] Backed up Label SACL for F:\Project\git\appcontainer\AppContainer\x64\Release\opencode\cache
[2026-02-13 21:02:44.323][DEBUG] [ACL] GrantFullControl on: F:\Project\git\appcontainer\AppContainer\x64\Release\opencode\cache
[2026-02-13 21:02:44.323][DEBUG] [ACL] Successfully granted FILE_ALL_ACCESS on: F:\Project\git\appcontainer\AppContainer\x64\Release\opencode\cache
[2026-02-13 21:02:44.323][INFO] [Permissions] Granted FILE_ALL_ACCESS on F:\Project\git\appcontainer\AppContainer\x64\Release\opencode\cache
[2026-02-13 21:02:44.323][DEBUG] [ACL] Setting Low Integrity label on: F:\Project\git\appcontainer\AppContainer\x64\Release\opencode\cache
[2026-02-13 21:02:44.324][WARN] [ACL] SetNamedSecurityInfoW (SACL/LowIntegrity) failed on F:\Project\git\appcontainer\AppContainer\x64\Release\opencode\cache: err=5 (needs elevation)
[2026-02-13 21:02:44.324][WARN] [Permissions] Set Low Integrity DENIED on F:\Project\git\appcontainer\AppContainer\x64\Release\opencode\cache. Run elevated or set lowIntegrityOnPaths=false.
[2026-02-13 21:02:44.324][DEBUG] [Permissions] Processing path: F:\Project\git\appcontainer\AppContainer\x64\Release\opencode\data (attrs=0x00000010)
[2026-02-13 21:02:44.324][DEBUG] [Security] Saving original security descriptor for: F:\Project\git\appcontainer\AppContainer\x64\Release\opencode\data
[2026-02-13 21:02:44.324][INFO] [Security] Backed up DACL for F:\Project\git\appcontainer\AppContainer\x64\Release\opencode\data (protected=0, revision=1)
[2026-02-13 21:02:44.324][INFO] [Security] Backed up Label SACL for F:\Project\git\appcontainer\AppContainer\x64\Release\opencode\data
[2026-02-13 21:02:44.324][DEBUG] [ACL] GrantFullControl on: F:\Project\git\appcontainer\AppContainer\x64\Release\opencode\data
[2026-02-13 21:02:44.324][DEBUG] [ACL] Successfully granted FILE_ALL_ACCESS on: F:\Project\git\appcontainer\AppContainer\x64\Release\opencode\data
[2026-02-13 21:02:44.324][INFO] [Permissions] Granted FILE_ALL_ACCESS on F:\Project\git\appcontainer\AppContainer\x64\Release\opencode\data
[2026-02-13 21:02:44.324][DEBUG] [ACL] Setting Low Integrity label on: F:\Project\git\appcontainer\AppContainer\x64\Release\opencode\data
[2026-02-13 21:02:44.324][WARN] [ACL] SetNamedSecurityInfoW (SACL/LowIntegrity) failed on F:\Project\git\appcontainer\AppContainer\x64\Release\opencode\data: err=5 (needs elevation)
[2026-02-13 21:02:44.324][WARN] [Permissions] Set Low Integrity DENIED on F:\Project\git\appcontainer\AppContainer\x64\Release\opencode\data. Run elevated or set lowIntegrityOnPaths=false.
[2026-02-13 21:02:44.324][DEBUG] [Permissions] Processing path: F:\Project\git\appcontainer\AppContainer\x64\Release\opencode\temp (attrs=0x00000010)
[2026-02-13 21:02:44.324][DEBUG] [Security] Saving original security descriptor for: F:\Project\git\appcontainer\AppContainer\x64\Release\opencode\temp
[2026-02-13 21:02:44.324][INFO] [Security] Backed up DACL for F:\Project\git\appcontainer\AppContainer\x64\Release\opencode\temp (protected=0, revision=1)
[2026-02-13 21:02:44.324][INFO] [Security] Backed up Label SACL for F:\Project\git\appcontainer\AppContainer\x64\Release\opencode\temp
[2026-02-13 21:02:44.324][DEBUG] [ACL] GrantFullControl on: F:\Project\git\appcontainer\AppContainer\x64\Release\opencode\temp
[2026-02-13 21:02:44.324][DEBUG] [ACL] Successfully granted FILE_ALL_ACCESS on: F:\Project\git\appcontainer\AppContainer\x64\Release\opencode\temp
[2026-02-13 21:02:44.324][INFO] [Permissions] Granted FILE_ALL_ACCESS on F:\Project\git\appcontainer\AppContainer\x64\Release\opencode\temp
[2026-02-13 21:02:44.324][DEBUG] [ACL] Setting Low Integrity label on: F:\Project\git\appcontainer\AppContainer\x64\Release\opencode\temp
[2026-02-13 21:02:44.324][WARN] [ACL] SetNamedSecurityInfoW (SACL/LowIntegrity) failed on F:\Project\git\appcontainer\AppContainer\x64\Release\opencode\temp: err=5 (needs elevation)
[2026-02-13 21:02:44.324][WARN] [Permissions] Set Low Integrity DENIED on F:\Project\git\appcontainer\AppContainer\x64\Release\opencode\temp. Run elevated or set lowIntegrityOnPaths=false.
[2026-02-13 21:02:44.324][INFO] [Permissions] Access grant summary: granted=6, skipped=0, failed=6 (total paths=6)
[2026-02-13 21:02:44.324][INFO] [Env] Building child environment block...
[2026-02-13 21:02:44.324][DEBUG] [Env] Override: HOME = F:\Project\git\appcontainer\AppContainer\x64\Release\opencode\work (was: C:\Users\tao)
[2026-02-13 21:02:44.324][DEBUG] [Env] Override: USERPROFILE = F:\Project\git\appcontainer\AppContainer\x64\Release\opencode\work (was: C:\Users\tao)
[2026-02-13 21:02:44.324][DEBUG] [Env] Override: APPDATA = F:\Project\git\appcontainer\AppContainer\x64\Release\opencode\config (was: C:\Users\tao\AppData\Roaming)
[2026-02-13 21:02:44.324][DEBUG] [Env] Override: LOCALAPPDATA = F:\Project\git\appcontainer\AppContainer\x64\Release (was: C:\Users\tao\AppData\Local)
[2026-02-13 21:02:44.324][DEBUG] [Env] Override: TEMP = F:\Project\git\appcontainer\AppContainer\x64\Release\opencode\temp (was: C:\Users\tao\AppData\Local\Temp)
[2026-02-13 21:02:44.324][DEBUG] [Env] Override: TMP = F:\Project\git\appcontainer\AppContainer\x64\Release\opencode\temp (was: C:\Users\tao\AppData\Local\Temp)
[2026-02-13 21:02:44.324][DEBUG] [Env] New var: XDG_CONFIG_HOME = F:\Project\git\appcontainer\AppContainer\x64\Release\opencode\config
[2026-02-13 21:02:44.324][DEBUG] [Env] New var: XDG_CACHE_HOME = F:\Project\git\appcontainer\AppContainer\x64\Release\opencode\cache
[2026-02-13 21:02:44.324][DEBUG] [Env] New var: XDG_DATA_HOME = F:\Project\git\appcontainer\AppContainer\x64\Release\opencode\data
[2026-02-13 21:02:44.324][DEBUG] [Env] New var: OPENCODE_CONFIG = F:\Project\git\appcontainer\AppContainer\x64\Release\opencode\opencode.json
[2026-02-13 21:02:44.324][INFO] [Env] Environment block built: 126 entries, 9698 wchars
[2026-02-13 21:02:44.324][INFO] [Launch] Preparing to launch: F:\Project\git\appcontainer\opencode.exe
[2026-02-13 21:02:44.324][DEBUG] [ConPTY] API loaded: CreatePseudoConsole=00007FFCD15378F0, ClosePseudoConsole=00007FFCD15378E0
[2026-02-13 21:02:44.324][INFO] [Launch] ConPTY mode enabled.
[2026-02-13 21:02:44.324][DEBUG] [ConPTY] Using fallback console size: 120x30
[2026-02-13 21:02:44.328][INFO] [Launch] PseudoConsole created: 120x30
[2026-02-13 21:02:44.328][INFO] [Launch] CreateProcessW: flags=0x00080400, cmd='F:\Project\git\appcontainer\opencode.exe'
[2026-02-13 21:02:44.392][INFO] [Launch] Process created: PID=36656, TID=30500
[2026-02-13 21:02:44.392][INFO] [Launch] ConPTY relay threads started. Waiting for child exit...
[2026-02-13 21:02:44.392][DEBUG] [ConPTY] Input relay thread exiting. Total bytes relayed: 0
[2026-02-13 21:02:44.883][INFO] [Launch] Child exited with code: 0
[2026-02-13 21:02:44.886][DEBUG] [ConPTY] Output relay thread exiting. Total bytes relayed: 99
[2026-02-13 21:02:44.886][INFO] [Cleanup] Starting cleanup sequence...
[2026-02-13 21:02:44.886][INFO] [Revert] Restoring original security on 6 path(s)...
[2026-02-13 21:02:44.887][INFO] [Revert] Restored DACL on F:\Project\git\appcontainer\AppContainer\x64\Release\opencode (protected=0)
[2026-02-13 21:02:44.887][WARN] [Revert] Failed to restore Label SACL on F:\Project\git\appcontainer\AppContainer\x64\Release\opencode (err=5)
[2026-02-13 21:02:44.887][INFO] [Revert] Restored DACL on F:\Project\git\appcontainer\AppContainer\x64\Release\opencode\work (protected=0)
[2026-02-13 21:02:44.887][WARN] [Revert] Failed to restore Label SACL on F:\Project\git\appcontainer\AppContainer\x64\Release\opencode\work (err=5)
[2026-02-13 21:02:44.889][INFO] [Revert] Restored DACL on F:\Project\git\appcontainer\AppContainer\x64\Release\opencode\config (protected=0)
[2026-02-13 21:02:44.889][WARN] [Revert] Failed to restore Label SACL on F:\Project\git\appcontainer\AppContainer\x64\Release\opencode\config (err=5)
[2026-02-13 21:02:44.889][INFO] [Revert] Restored DACL on F:\Project\git\appcontainer\AppContainer\x64\Release\opencode\cache (protected=0)
[2026-02-13 21:02:44.889][WARN] [Revert] Failed to restore Label SACL on F:\Project\git\appcontainer\AppContainer\x64\Release\opencode\cache (err=5)
[2026-02-13 21:02:44.889][INFO] [Revert] Restored DACL on F:\Project\git\appcontainer\AppContainer\x64\Release\opencode\data (protected=0)
[2026-02-13 21:02:44.889][WARN] [Revert] Failed to restore Label SACL on F:\Project\git\appcontainer\AppContainer\x64\Release\opencode\data (err=5)
[2026-02-13 21:02:44.890][INFO] [Revert] Restored DACL on F:\Project\git\appcontainer\AppContainer\x64\Release\opencode\temp (protected=0)
[2026-02-13 21:02:44.890][WARN] [Revert] Failed to restore Label SACL on F:\Project\git\appcontainer\AppContainer\x64\Release\opencode\temp (err=5)
[2026-02-13 21:02:44.890][INFO] [Revert] Security restore complete: DACL restored=6 failed=0, SACL restored=0 failed=6
[2026-02-13 21:02:44.890][INFO] [BunVFS] Cleaned up staging dir: F:\Project\git\appcontainer\AppContainer\x64\Release\bun_vfs_staging
[2026-02-13 21:02:44.890][INFO] [Profile] Deleting AppContainer profile: OpenCodeContainer
[2026-02-13 21:02:44.894][INFO] [Profile] Profile deleted successfully.
[2026-02-13 21:02:44.894][INFO] [Done] Exit code: 0
